This file contains any messages produced by compilers while
running configure, to aid debugging if configure makes a mistake.

It was created by newlib configure 1.16.0, which was
generated by GNU Autoconf 2.61.  Invocation command line was

  $ /usr/src/xen-4.1-testing.hg/stubdom/newlib-1.16.0/newlib/configure --cache-file=./config.cache --with-newlib --with-cross-host=i686-pc-linux-gnu --prefix=/usr/src/xen-4.1-testing.hg/stubdom/cross-root-i686 --verbose --target=i686-xen-elf --enable-newlib-io-long-long --disable-multilib --program-transform-name=s,^,i686-xen-elf-, --with-target-subdir=i686-xen-elf --build=i686-pc-linux-gnu --host=i686-xen-elf --target=i686-xen-elf --srcdir=../../../newlib-1.16.0/newlib

## --------- ##
## Platform. ##
## --------- ##

hostname = jinho-Dell-DXP061
uname -m = i686
uname -r = 3.1.1
uname -s = Linux
uname -v = #3 SMP Wed Nov 16 17:22:01 EST 2011

/usr/bin/uname -p = unknown
/bin/uname -X     = unknown

/bin/arch              = unknown
/usr/bin/arch -k       = unknown
/usr/convex/getsysinfo = unknown
/usr/bin/hostinfo      = unknown
/bin/machine           = unknown
/usr/bin/oslevel       = unknown
/bin/universe          = unknown

PATH: /usr/local/sbin
PATH: /usr/local/bin
PATH: /usr/sbin
PATH: /usr/bin
PATH: /sbin
PATH: /bin
PATH: /usr/X11R6/bin


## ----------- ##
## Core tests. ##
## ----------- ##

configure:1897: loading cache ./config.cache
configure:2180: checking build system type
configure:2198: result: i686-pc-linux-gnu
configure:2234: checking for a BSD-compatible install
configure:2290: result: /usr/bin/install -c
configure:2301: checking whether build environment is sane
configure:2344: result: yes

## ---------------- ##
## Cache variables. ##
## ---------------- ##

ac_cv_build=i686-pc-linux-gnu
ac_cv_c_compiler_gnu=yes
ac_cv_env_CCASFLAGS_set=
ac_cv_env_CCASFLAGS_value=
ac_cv_env_CCAS_set=
ac_cv_env_CCAS_value=
ac_cv_env_CC_set=set
ac_cv_env_CC_value='gcc -isystem /usr/src/xen-4.1-testing.hg/stubdom/../extras/mini-os/include -D__MINIOS__ -DHAVE_LIBC -isystem /usr/src/xen-4.1-testing.hg/stubdom/../extras/mini-os/include/posix -isystem /usr/src/xen-4.1-testing.hg/stubdom/../tools/xenstore  -isystem /usr/src/xen-4.1-testing.hg/stubdom/../extras/mini-os/include/x86 -isystem /usr/src/xen-4.1-testing.hg/stubdom/../extras/mini-os/include/x86/x86_32 -U __linux__ -U __FreeBSD__ -U __sun__ -nostdinc -isystem /usr/src/xen-4.1-testing.hg/stubdom/../extras/mini-os/include/posix -isystem /usr/src/xen-4.1-testing.hg/stubdom/cross-root-i686/i686-xen-elf/include -isystem /usr/lib/i386-linux-gnu/gcc/i686-linux-gnu/4.4.5/include -isystem /usr/src/xen-4.1-testing.hg/stubdom/lwip-x86_32/src/include -isystem /usr/src/xen-4.1-testing.hg/stubdom/lwip-x86_32/src/include/ipv4 -I/usr/src/xen-4.1-testing.hg/stubdom/include -I../xen/include  -O1 -fno-omit-frame-pointer -fno-optimize-sibling-calls  -m32 -march=i686 -m32 -march=i686 -g -fno-strict-aliasing -std=gnu99 -Wall -Wstrict-prototypes -Wno-unused-value -Wdeclaration-after-statement  -fno-stack-protector -fno-exceptions -D_I386MACH_ALLOW_HW_INTERRUPTS -B/usr/src/xen-4.1-testing.hg/stubdom/newlib-x86_32/i686-xen-elf/newlib/ -isystem /usr/src/xen-4.1-testing.hg/stubdom/newlib-x86_32/i686-xen-elf/newlib/targ-include -isystem /usr/src/xen-4.1-testing.hg/stubdom/newlib-1.16.0/newlib/libc/include -B/usr/src/xen-4.1-testing.hg/stubdom/newlib-x86_32/i686-xen-elf/libgloss/i386 -L/usr/src/xen-4.1-testing.hg/stubdom/newlib-x86_32/i686-xen-elf/libgloss/libnosys -L/usr/src/xen-4.1-testing.hg/stubdom/newlib-1.16.0/libgloss/i386'
ac_cv_env_CFLAGS_set=set
ac_cv_env_CFLAGS_value='-O2 -g -g -O2  '
ac_cv_env_CPPFLAGS_set=set
ac_cv_env_CPPFLAGS_value=
ac_cv_env_CPP_set=
ac_cv_env_CPP_value=
ac_cv_env_LDFLAGS_set=set
ac_cv_env_LDFLAGS_value=
ac_cv_env_LIBS_set=
ac_cv_env_LIBS_value=
ac_cv_env_build_alias_set=set
ac_cv_env_build_alias_value=i686-pc-linux-gnu
ac_cv_env_host_alias_set=set
ac_cv_env_host_alias_value=i686-xen-elf
ac_cv_env_target_alias_set=set
ac_cv_env_target_alias_value=i686-xen-elf
ac_cv_host=i686-xen-elf
ac_cv_path_SED=/bin/sed
ac_cv_prog_AR=ar
ac_cv_prog_AS=i686-xen-elf-as
ac_cv_prog_AWK=gawk
ac_cv_prog_CC='gcc -isystem /usr/src/xen-4.1-testing.hg/stubdom/../extras/mini-os/include -D__MINIOS__ -DHAVE_LIBC -isystem /usr/src/xen-4.1-testing.hg/stubdom/../extras/mini-os/include/posix -isystem /usr/src/xen-4.1-testing.hg/stubdom/../tools/xenstore  -isystem /usr/src/xen-4.1-testing.hg/stubdom/../extras/mini-os/include/x86 -isystem /usr/src/xen-4.1-testing.hg/stubdom/../extras/mini-os/include/x86/x86_32 -U __linux__ -U __FreeBSD__ -U __sun__ -nostdinc -isystem /usr/src/xen-4.1-testing.hg/stubdom/../extras/mini-os/include/posix -isystem /usr/src/xen-4.1-testing.hg/stubdom/cross-root-i686/i686-xen-elf/include -isystem /usr/lib/i386-linux-gnu/gcc/i686-linux-gnu/4.4.5/include -isystem /usr/src/xen-4.1-testing.hg/stubdom/lwip-x86_32/src/include -isystem /usr/src/xen-4.1-testing.hg/stubdom/lwip-x86_32/src/include/ipv4 -I/usr/src/xen-4.1-testing.hg/stubdom/include -I../xen/include  -O1 -fno-omit-frame-pointer -fno-optimize-sibling-calls  -m32 -march=i686 -m32 -march=i686 -g -fno-strict-aliasing -std=gnu99 -Wall -Wstrict-prototypes -Wno-unused-value -Wdeclaration-after-statement  -fno-stack-protector -fno-exceptions -D_I386MACH_ALLOW_HW_INTERRUPTS -B/usr/src/xen-4.1-testing.hg/stubdom/newlib-x86_32/i686-xen-elf/newlib/ -isystem /usr/src/xen-4.1-testing.hg/stubdom/newlib-x86_32/i686-xen-elf/newlib/targ-include -isystem /usr/src/xen-4.1-testing.hg/stubdom/newlib-1.16.0/newlib/libc/include -B/usr/src/xen-4.1-testing.hg/stubdom/newlib-x86_32/i686-xen-elf/libgloss/i386 -L/usr/src/xen-4.1-testing.hg/stubdom/newlib-x86_32/i686-xen-elf/libgloss/libnosys -L/usr/src/xen-4.1-testing.hg/stubdom/newlib-1.16.0/libgloss/i386'
ac_cv_prog_RANLIB=ranlib
ac_cv_prog_STRIP=i686-xen-elf-strip
ac_cv_prog_ac_ct_READELF=readelf
ac_cv_prog_cc_g=no
ac_cv_prog_make_make_set=yes
am_cv_CC_dependencies_compiler_type=gcc3
libc_cv_array_aliasing=no
libc_cv_initfinit_array=yes
lt_cv_path_SED=/bin/sed
newlib_cv_build_exeext=no

## ----------------- ##
## Output variables. ##
## ----------------- ##

ACLOCAL=''
AMDEPBACKSLASH=''
AMDEP_FALSE=''
AMDEP_TRUE=''
AMTAR=''
AR='ar'
AS='i686-xen-elf-as'
AUTOCONF=''
AUTOHEADER=''
AUTOMAKE=''
AWK=''
CC='gcc -isystem /usr/src/xen-4.1-testing.hg/stubdom/../extras/mini-os/include -D__MINIOS__ -DHAVE_LIBC -isystem /usr/src/xen-4.1-testing.hg/stubdom/../extras/mini-os/include/posix -isystem /usr/src/xen-4.1-testing.hg/stubdom/../tools/xenstore  -isystem /usr/src/xen-4.1-testing.hg/stubdom/../extras/mini-os/include/x86 -isystem /usr/src/xen-4.1-testing.hg/stubdom/../extras/mini-os/include/x86/x86_32 -U __linux__ -U __FreeBSD__ -U __sun__ -nostdinc -isystem /usr/src/xen-4.1-testing.hg/stubdom/../extras/mini-os/include/posix -isystem /usr/src/xen-4.1-testing.hg/stubdom/cross-root-i686/i686-xen-elf/include -isystem /usr/lib/i386-linux-gnu/gcc/i686-linux-gnu/4.4.5/include -isystem /usr/src/xen-4.1-testing.hg/stubdom/lwip-x86_32/src/include -isystem /usr/src/xen-4.1-testing.hg/stubdom/lwip-x86_32/src/include/ipv4 -I/usr/src/xen-4.1-testing.hg/stubdom/include -I../xen/include  -O1 -fno-omit-frame-pointer -fno-optimize-sibling-calls  -m32 -march=i686 -m32 -march=i686 -g -fno-strict-aliasing -std=gnu99 -Wall -Wstrict-prototypes -Wno-unused-value -Wdeclaration-after-statement  -fno-stack-protector -fno-exceptions -D_I386MACH_ALLOW_HW_INTERRUPTS -B/usr/src/xen-4.1-testing.hg/stubdom/newlib-x86_32/i686-xen-elf/newlib/ -isystem /usr/src/xen-4.1-testing.hg/stubdom/newlib-x86_32/i686-xen-elf/newlib/targ-include -isystem /usr/src/xen-4.1-testing.hg/stubdom/newlib-1.16.0/newlib/libc/include -B/usr/src/xen-4.1-testing.hg/stubdom/newlib-x86_32/i686-xen-elf/libgloss/i386 -L/usr/src/xen-4.1-testing.hg/stubdom/newlib-x86_32/i686-xen-elf/libgloss/libnosys -L/usr/src/xen-4.1-testing.hg/stubdom/newlib-1.16.0/libgloss/i386'
CCAS=''
CCASFLAGS=''
CCDEPMODE=''
CC_FOR_BUILD='gcc'
CC_FOR_NEWLIB=''
CFLAGS='-O2 -g -g -O2  '
CPP=''
CPPFLAGS=''
CRT0=''
CRT0_DIR=''
CRT1=''
CRT1_DIR=''
CYGPATH_W=''
DEFS=''
DEPDIR=''
DLLTOOL='i686-xen-elf-dlltool'
DUMPBIN=''
ECHO_C=''
ECHO_N='-n'
ECHO_T=''
EGREP=''
ELIX_LEVEL_0_FALSE=''
ELIX_LEVEL_0_TRUE=''
ELIX_LEVEL_1_FALSE=''
ELIX_LEVEL_1_TRUE=''
ELIX_LEVEL_2_FALSE=''
ELIX_LEVEL_2_TRUE=''
ELIX_LEVEL_3_FALSE=''
ELIX_LEVEL_3_TRUE=''
ELIX_LEVEL_4_FALSE=''
ELIX_LEVEL_4_TRUE=''
EXEEXT=''
EXTRA_DIRS=''
FGREP=''
GREP=''
HAVE_DOC_FALSE=''
HAVE_DOC_TRUE=''
INSTALL_DATA='/usr/bin/install -c -m 644'
INSTALL_PROGRAM='/usr/bin/install -c'
INSTALL_SCRIPT='/usr/bin/install -c'
INSTALL_STRIP_PROGRAM=''
LD='ld'
LDFLAGS=''
LIBM_MACHINE_OBJECTLIST=''
LIBOBJS=''
LIBS=''
LIBTOOL=''
LN_S=''
LTLIBOBJS=''
MACHINE_OBJECTLIST=''
MAINT=''
MAINTAINER_MODE_FALSE=''
MAINTAINER_MODE_TRUE=''
MAKEINFO='makeinfo --split-size=5000000'
MAY_SUPPLY_SYSCALLS_FALSE=''
MAY_SUPPLY_SYSCALLS_TRUE=''
NEWLIB_CFLAGS=''
NEWLIB_HW_FP_FALSE=''
NEWLIB_HW_FP_TRUE=''
NM='i686-xen-elf-nm'
OBJDUMP='i686-xen-elf-objdump'
OBJEXT=''
PACKAGE=''
PACKAGE_BUGREPORT=''
PACKAGE_NAME='newlib'
PACKAGE_STRING='newlib 1.16.0'
PACKAGE_TARNAME='newlib'
PACKAGE_VERSION='1.16.0'
PATH_SEPARATOR=':'
POSIX_OBJECTLIST=''
RANLIB='ranlib'
READELF=''
SED=''
SET_MAKE=''
SHELL='/bin/sh'
SIGNAL_OBJECTLIST=''
STDIO64_OBJECTLIST=''
STRIP='i686-xen-elf-strip'
SYSCALL_OBJECTLIST=''
SYS_MACH_OBJECTLIST=''
SYS_OBJECTLIST=''
UNIX_OBJECTLIST=''
USE_LIBTOOL_FALSE=''
USE_LIBTOOL_TRUE=''
VERSION=''
ac_ct_CC=''
ac_ct_DUMPBIN=''
aext=''
am__fastdepCC_FALSE=''
am__fastdepCC_TRUE=''
am__include=''
am__leading_dot=''
am__quote=''
am__tar=''
am__untar=''
bindir='${exec_prefix}/bin'
build='i686-pc-linux-gnu'
build_alias='i686-pc-linux-gnu'
build_cpu='i686'
build_os='linux-gnu'
build_vendor='pc'
datadir='${datarootdir}'
datarootdir='${prefix}/share'
docdir='${datarootdir}/doc/${PACKAGE_TARNAME}'
dvidir='${docdir}'
exec_prefix='NONE'
host='i686-xen-elf'
host_alias='i686-xen-elf'
host_cpu=''
host_os=''
host_vendor=''
htmldir='${docdir}'
includedir='${prefix}/include'
infodir='${datarootdir}/info'
install_sh=''
libc_cv_array_aliasing='no'
libc_cv_initfinit_array='yes'
libdir='${exec_prefix}/lib'
libexecdir='${exec_prefix}/libexec'
libm_machine_dir=''
localedir='${datarootdir}/locale'
localstatedir='${prefix}/var'
lpfx=''
lt_ECHO='echo'
machine_dir=''
mandir='${datarootdir}/man'
mkdir_p=''
newlib_basedir=''
oext=''
oldincludedir='/usr/include'
pdfdir='${docdir}'
prefix='/usr/src/xen-4.1-testing.hg/stubdom/cross-root-i686'
program_transform_name='s,^,i686-xen-elf-,'
psdir='${docdir}'
sbindir='${exec_prefix}/sbin'
sharedstatedir='${prefix}/com'
subdirs=''
sys_dir=''
sysconfdir='${prefix}/etc'
target_alias='i686-xen-elf'

## ----------- ##
## confdefs.h. ##
## ----------- ##

#define PACKAGE_NAME "newlib"
#define PACKAGE_TARNAME "newlib"
#define PACKAGE_VERSION "1.16.0"
#define PACKAGE_STRING "newlib 1.16.0"
#define PACKAGE_BUGREPORT ""

configure: caught signal 2
configure: exit 1
